### version information

```
pre-commit version: 4.4.0
git --version: git version 2.43.0
sys.version:
    3.12.3 (main, Nov  6 2025, 13:44:16) [GCC 13.3.0]
sys.executable: /home/frappe/frappe-bench/env/bin/python
os.name: posix
sys.platform: linux
```

### error information

```
An unexpected error has occurred: CalledProcessError: command: ('/usr/bin/git', 'fetch', 'origin', '--tags')
return code: 128
stdout: (none)
stderr:
    fatal: «https://github.com/pre-commit/pre-commit-hooks/» недоступно: Failed to connect to github.com port 443 after 0 ms: Couldn't connect to server
```

```
Traceback (most recent call last):
  File "/home/frappe/frappe-bench/env/lib/python3.12/site-packages/pre_commit/store.py", line 207, in clone_strategy
    self._shallow_clone(ref, _git_cmd)
  File "/home/frappe/frappe-bench/env/lib/python3.12/site-packages/pre_commit/store.py", line 189, in _shallow_clone
    git_cmd('-c', git_config, 'fetch', 'origin', ref, '--depth=1')
  File "/home/frappe/frappe-bench/env/lib/python3.12/site-packages/pre_commit/store.py", line 204, in _git_cmd
    cmd_output_b('git', *args, cwd=directory, env=env)
  File "/home/frappe/frappe-bench/env/lib/python3.12/site-packages/pre_commit/util.py", line 111, in cmd_output_b
    raise CalledProcessError(returncode, cmd, stdout_b, stderr_b)
pre_commit.util.CalledProcessError: command: ('/usr/bin/git', '-c', 'protocol.version=2', 'fetch', 'origin', 'v5.0.0', '--depth=1')
return code: 128
stdout: (none)
stderr:
    fatal: «https://github.com/pre-commit/pre-commit-hooks/» недоступно: Failed to connect to github.com port 443 after 1 ms: Couldn't connect to server

During handling of the above exception, another exception occurred:

Traceback (most recent call last):
  File "/home/frappe/frappe-bench/env/lib/python3.12/site-packages/pre_commit/error_handler.py", line 73, in error_handler
    yield
  File "/home/frappe/frappe-bench/env/lib/python3.12/site-packages/pre_commit/main.py", line 421, in main
    return run(args.config, store, args)
           ^^^^^^^^^^^^^^^^^^^^^^^^^^^^^
  File "/home/frappe/frappe-bench/env/lib/python3.12/site-packages/pre_commit/commands/run.py", line 426, in run
    for hook in all_hooks(config, store)
                ^^^^^^^^^^^^^^^^^^^^^^^^
  File "/home/frappe/frappe-bench/env/lib/python3.12/site-packages/pre_commit/repository.py", line 233, in all_hooks
    return tuple(
           ^^^^^^
  File "/home/frappe/frappe-bench/env/lib/python3.12/site-packages/pre_commit/repository.py", line 236, in <genexpr>
    for hook in _repository_hooks(repo, store, root_config)
                ^^^^^^^^^^^^^^^^^^^^^^^^^^^^^^^^^^^^^^^^^^^
  File "/home/frappe/frappe-bench/env/lib/python3.12/site-packages/pre_commit/repository.py", line 211, in _repository_hooks
    return _cloned_repository_hooks(repo_config, store, root_config)
           ^^^^^^^^^^^^^^^^^^^^^^^^^^^^^^^^^^^^^^^^^^^^^^^^^^^^^^^^^
  File "/home/frappe/frappe-bench/env/lib/python3.12/site-packages/pre_commit/repository.py", line 177, in _cloned_repository_hooks
    manifest_path = os.path.join(store.clone(repo, rev), C.MANIFEST_FILE)
                                 ^^^^^^^^^^^^^^^^^^^^^^
  File "/home/frappe/frappe-bench/env/lib/python3.12/site-packages/pre_commit/store.py", line 211, in clone
    return self._new_repo(repo, ref, deps, clone_strategy)
           ^^^^^^^^^^^^^^^^^^^^^^^^^^^^^^^^^^^^^^^^^^^^^^^
  File "/home/frappe/frappe-bench/env/lib/python3.12/site-packages/pre_commit/store.py", line 165, in _new_repo
    make_strategy(directory)
  File "/home/frappe/frappe-bench/env/lib/python3.12/site-packages/pre_commit/store.py", line 209, in clone_strategy
    self._complete_clone(ref, _git_cmd)
  File "/home/frappe/frappe-bench/env/lib/python3.12/site-packages/pre_commit/store.py", line 181, in _complete_clone
    git_cmd('fetch', 'origin', '--tags')
  File "/home/frappe/frappe-bench/env/lib/python3.12/site-packages/pre_commit/store.py", line 204, in _git_cmd
    cmd_output_b('git', *args, cwd=directory, env=env)
  File "/home/frappe/frappe-bench/env/lib/python3.12/site-packages/pre_commit/util.py", line 111, in cmd_output_b
    raise CalledProcessError(returncode, cmd, stdout_b, stderr_b)
pre_commit.util.CalledProcessError: command: ('/usr/bin/git', 'fetch', 'origin', '--tags')
return code: 128
stdout: (none)
stderr:
    fatal: «https://github.com/pre-commit/pre-commit-hooks/» недоступно: Failed to connect to github.com port 443 after 0 ms: Couldn't connect to server
```
